\BOOKMARK [1][-]{section.1}{Introduction}{}% 1
\BOOKMARK [1][-]{section.2}{The SiW-ECAL technological prototype}{}% 2
\BOOKMARK [2][-]{subsection.2.1}{Silicon sensors}{section.2}% 3
\BOOKMARK [2][-]{subsection.2.2}{SKIROC: Silicon pin Kalorimeter Integrated ReadOut Chip}{section.2}% 4
\BOOKMARK [2][-]{subsection.2.3}{Active Sensor Units}{section.2}% 5
\BOOKMARK [2][-]{subsection.2.4}{Data AcQuisition system}{section.2}% 6
\BOOKMARK [2][-]{subsection.2.5}{The prototype setup}{section.2}% 7
\BOOKMARK [1][-]{section.3}{Commissioning}{}% 8
\BOOKMARK [2][-]{subsection.3.1}{Tagging and control of the noisy channels.}{section.3}% 9
\BOOKMARK [2][-]{subsection.3.2}{Optimal trigger threshold determination}{section.3}% 10
\BOOKMARK [2][-]{subsection.3.3}{S/N ratio for the trigger decission}{section.3}% 11
\BOOKMARK [2][-]{subsection.3.4}{Prospects}{section.3}% 12
\BOOKMARK [1][-]{section.4}{Performance in a beam test with positrons at DESY}{}% 13
\BOOKMARK [2][-]{subsection.4.1}{Noise study and MIP calibration}{section.4}% 14
\BOOKMARK [3][-]{subsubsection.4.1.1}{S/N for the charge measurement of triggered channels}{subsection.4.1}% 15
\BOOKMARK [2][-]{subsection.4.2}{Pedestal and noise stability in a magnetic field}{section.4}% 16
\BOOKMARK [2][-]{subsection.4.3}{Pedestal stability in electromagnetic shower events}{section.4}% 17
\BOOKMARK [1][-]{section.5}{Summary}{}% 18
\BOOKMARK [1][-]{section.6}{Outlook}{}% 19
\BOOKMARK [1][-]{appendix.A}{Apendix: Filtering of fake triggers}{}% 20
